TN:
SF:/home/shersnape/Ceiba/Java-Script/Tutorial/JavaScritp-Platzi/smallJS/smallJS-dbsql/index.js
FN:10,(anonymous_0)
FNF:1
FNH:1
FNDA:8,(anonymous_0)
DA:2,8
DA:3,8
DA:4,8
DA:5,8
DA:7,8
DA:8,8
DA:10,8
DA:11,8
DA:23,8
DA:25,8
DA:26,8
DA:28,8
DA:29,8
DA:31,8
DA:33,8
DA:34,0
DA:37,8
DA:38,8
DA:39,8
LF:19
LH:18
BRDA:33,0,0,0
BRDA:33,0,1,8
BRF:2
BRH:1
end_of_record
TN:
SF:/home/shersnape/Ceiba/Java-Script/Tutorial/JavaScritp-Platzi/smallJS/smallJS-dbsql/lib/appointment.js
FN:5,setupAppointment
FN:8,createOrUpdate
FN:37,findNoAssignedByDate
FN:50,findNoAssignedByGroup
FN:83,findByDayGroup
FN:114,assignedAndUpdate
FN:137,canceledAndUpdate
FN:169,findById
FN:174,findByCCid
FN:185,findByCCidDate
FNF:10
FNH:4
FNDA:8,setupAppointment
FNDA:2,createOrUpdate
FNDA:1,findNoAssignedByDate
FNDA:0,findNoAssignedByGroup
FNDA:0,findByDayGroup
FNDA:2,assignedAndUpdate
FNDA:0,canceledAndUpdate
FNDA:0,findById
FNDA:0,findByCCid
FNDA:0,findByCCidDate
DA:3,1
DA:4,1
DA:5,1
DA:9,2
DA:12,2
DA:18,2
DA:22,2
DA:23,1
DA:24,1
DA:28,1
DA:29,1
DA:30,1
DA:31,1
DA:38,1
DA:51,0
DA:61,0
DA:63,0
DA:64,0
DA:65,0
DA:67,0
DA:68,0
DA:69,0
DA:71,0
DA:72,0
DA:73,0
DA:75,0
DA:76,0
DA:77,0
DA:79,0
DA:84,0
DA:92,0
DA:94,0
DA:95,0
DA:96,0
DA:99,0
DA:100,0
DA:101,0
DA:103,0
DA:104,0
DA:105,0
DA:107,0
DA:108,0
DA:109,0
DA:111,0
DA:115,2
DA:122,2
DA:124,2
DA:128,2
DA:129,2
DA:130,2
DA:133,0
DA:138,0
DA:150,0
DA:152,0
DA:155,0
DA:156,0
DA:157,0
DA:160,0
DA:170,0
DA:175,0
DA:178,0
DA:186,0
DA:189,0
DA:200,8
LF:64
LH:21
BRDA:18,0,0,2
BRDA:18,0,1,2
BRDA:18,0,2,2
BRDA:18,0,3,2
BRDA:22,1,0,1
BRDA:22,1,1,1
BRDA:22,2,0,2
BRDA:22,2,1,1
BRDA:24,3,0,1
BRDA:24,3,1,0
BRDA:28,4,0,1
BRDA:28,4,1,0
BRDA:61,5,0,0
BRDA:61,5,1,0
BRDA:61,5,2,0
BRDA:61,5,3,0
BRDA:92,6,0,0
BRDA:92,6,1,0
BRDA:92,6,2,0
BRDA:92,6,3,0
BRDA:128,7,0,2
BRDA:128,7,1,0
BRDA:128,8,0,2
BRDA:128,8,1,2
BRDA:130,9,0,2
BRDA:130,9,1,0
BRDA:155,10,0,0
BRDA:155,10,1,0
BRDA:155,11,0,0
BRDA:155,11,1,0
BRDA:156,12,0,0
BRDA:156,12,1,0
BRDA:156,13,0,0
BRDA:156,13,1,0
BRDA:156,13,2,0
BRDA:160,14,0,0
BRDA:160,14,1,0
BRF:37
BRH:14
end_of_record
TN:
SF:/home/shersnape/Ceiba/Java-Script/Tutorial/JavaScritp-Platzi/smallJS/smallJS-dbsql/lib/db.js
FN:6,setupDatabase
FNF:1
FNH:1
FNDA:8,setupDatabase
DA:3,1
DA:4,1
DA:6,1
DA:7,8
DA:8,1
DA:10,8
LF:6
LH:6
BRDA:7,0,0,1
BRDA:7,0,1,7
BRF:2
BRH:2
end_of_record
TN:
SF:/home/shersnape/Ceiba/Java-Script/Tutorial/JavaScritp-Platzi/smallJS/smallJS-dbsql/lib/user.js
FN:13,setupUser
FN:14,createOrUpdate
FN:40,findById
FN:45,findByCCid
FN:66,findGroup
FNF:5
FNH:1
FNDA:8,setupUser
FNDA:0,createOrUpdate
FNDA:0,findById
FNDA:0,findByCCid
FNDA:0,findGroup
DA:13,1
DA:15,0
DA:23,0
DA:26,0
DA:27,0
DA:28,0
DA:33,0
DA:34,0
DA:41,0
DA:46,0
DA:69,0
DA:71,0
DA:72,0
DA:77,0
DA:79,0
DA:80,0
DA:85,0
DA:87,0
DA:88,0
DA:93,0
DA:95,0
DA:96,0
DA:97,0
DA:99,0
DA:102,8
LF:25
LH:2
BRDA:26,0,0,0
BRDA:26,0,1,0
BRDA:28,1,0,0
BRDA:28,1,1,0
BRDA:69,2,0,0
BRDA:69,2,1,0
BRDA:69,2,2,0
BRDA:69,2,3,0
BRF:8
BRH:0
end_of_record
TN:
SF:/home/shersnape/Ceiba/Java-Script/Tutorial/JavaScritp-Platzi/smallJS/smallJS-dbsql/models/appointment.js
FN:6,setupAppointmentModel
FNF:1
FNH:0
FNDA:0,setupAppointmentModel
DA:3,1
DA:4,1
DA:6,1
DA:7,0
DA:9,0
LF:5
LH:3
BRF:0
BRH:0
end_of_record
TN:
SF:/home/shersnape/Ceiba/Java-Script/Tutorial/JavaScritp-Platzi/smallJS/smallJS-dbsql/models/user.js
FN:6,setupUserModel
FNF:1
FNH:0
FNDA:0,setupUserModel
DA:3,1
DA:4,1
DA:6,1
DA:7,0
DA:9,0
LF:5
LH:3
BRF:0
BRH:0
end_of_record
TN:
SF:/home/shersnape/Ceiba/Java-Script/Tutorial/JavaScritp-Platzi/smallJS/smallJS-dbsql/tests/appointment-tests.js
FN:92,(anonymous_4)
FN:137,(anonymous_5)
FN:138,(anonymous_6)
FN:144,(anonymous_7)
FN:148,(anonymous_8)
FN:152,(anonymous_9)
FN:156,(anonymous_10)
FN:163,(anonymous_11)
FN:188,(anonymous_12)
FN:214,(anonymous_13)
FN:226,(anonymous_14)
FN:250,(anonymous_15)
FNF:12
FNH:12
FNDA:8,(anonymous_4)
FNDA:8,(anonymous_5)
FNDA:8,(anonymous_6)
FNDA:8,(anonymous_7)
FNDA:1,(anonymous_8)
FNDA:1,(anonymous_9)
FNDA:1,(anonymous_10)
FNDA:1,(anonymous_11)
FNDA:1,(anonymous_12)
FNDA:1,(anonymous_13)
FNDA:1,(anonymous_14)
FNDA:1,(anonymous_15)
DA:3,1
DA:4,1
DA:5,1
DA:6,1
DA:7,1
DA:9,1
DA:11,1
DA:15,1
DA:16,1
DA:17,1
DA:18,1
DA:20,1
DA:21,1
DA:22,1
DA:23,1
DA:24,1
DA:26,1
DA:27,1
DA:28,1
DA:30,1
DA:32,1
DA:39,1
DA:43,1
DA:50,1
DA:57,1
DA:74,1
DA:75,1
DA:80,1
DA:92,1
DA:93,8
DA:95,8
DA:99,8
DA:104,8
DA:105,8
DA:106,1
DA:109,8
DA:110,8
DA:111,8
DA:113,8
DA:114,8
DA:115,8
DA:118,8
DA:119,8
DA:123,8
DA:124,8
DA:125,8
DA:126,8
DA:129,8
DA:130,8
DA:136,8
DA:137,8
DA:138,8
DA:141,8
DA:144,1
DA:145,8
DA:148,1
DA:149,1
DA:152,1
DA:153,1
DA:156,4
DA:157,1
DA:158,1
DA:159,1
DA:160,1
DA:163,9
DA:164,1
DA:167,1
DA:168,1
DA:169,1
DA:172,1
DA:173,1
DA:174,1
DA:182,1
DA:183,1
DA:184,1
DA:185,1
DA:188,12
DA:189,1
DA:192,1
DA:193,1
DA:194,1
DA:197,1
DA:198,1
DA:199,1
DA:202,1
DA:203,1
DA:204,1
DA:207,1
DA:208,1
DA:209,1
DA:211,1
DA:214,3
DA:215,1
DA:218,1
DA:219,1
DA:220,1
DA:222,1
DA:223,1
DA:226,9
DA:227,1
DA:230,1
DA:231,1
DA:232,1
DA:235,1
DA:236,1
DA:237,1
DA:243,1
DA:244,1
DA:245,1
DA:247,1
DA:250,9
DA:251,1
DA:254,1
DA:255,1
DA:256,1
DA:259,1
DA:260,1
DA:261,1
DA:267,1
DA:268,1
DA:269,1
DA:271,1
LF:122
LH:122
BRDA:145,0,0,8
BRDA:145,0,1,8
BRF:2
BRH:2
end_of_record
TN:
SF:/home/shersnape/Ceiba/Java-Script/Tutorial/JavaScritp-Platzi/smallJS/smallJS-dbsql/tests/fixtures/appointment.js
FN:123,extend
FN:134,(anonymous_1)
FN:134,(anonymous_2)
FN:135,(anonymous_3)
FN:135,(anonymous_4)
FN:136,(anonymous_5)
FN:136,(anonymous_6)
FN:137,(anonymous_7)
FN:137,(anonymous_8)
FN:138,(anonymous_9)
FN:138,(anonymous_10)
FN:139,(anonymous_11)
FN:139,(anonymous_12)
FNF:13
FNH:13
FNDA:3,extend
FNDA:16,(anonymous_1)
FNDA:80,(anonymous_2)
FNDA:8,(anonymous_3)
FNDA:24,(anonymous_4)
FNDA:8,(anonymous_5)
FNDA:24,(anonymous_6)
FNDA:8,(anonymous_7)
FNDA:24,(anonymous_8)
FNDA:8,(anonymous_9)
FNDA:40,(anonymous_10)
FNDA:10,(anonymous_11)
FNDA:50,(anonymous_12)
DA:4,1
DA:19,1
DA:34,1
DA:50,1
DA:53,1
DA:70,1
DA:87,1
DA:100,1
DA:124,3
DA:125,3
DA:128,1
DA:134,80
DA:135,24
DA:136,24
DA:137,24
DA:138,40
DA:139,50
LF:17
LH:17
BRDA:136,0,0,24
BRDA:136,0,1,8
BRDA:137,1,0,24
BRDA:137,1,1,8
BRDA:137,1,2,0
BRDA:138,2,0,40
BRDA:138,2,1,8
BRDA:139,3,0,50
BRDA:139,3,1,50
BRDA:139,3,2,40
BRF:10
BRH:9
end_of_record
