TN:
SF:/home/shersnape/Ceiba/Java-Script/Tutorial/JavaScritp-Platzi/smallJS/smallJS-dbsql/index.js
FN:10,(anonymous_0)
FNF:1
FNH:1
FNDA:8,(anonymous_0)
DA:2,8
DA:3,8
DA:4,8
DA:5,8
DA:7,8
DA:8,8
DA:10,8
DA:11,8
DA:23,8
DA:25,8
DA:26,8
DA:28,8
DA:29,8
DA:31,8
DA:33,8
DA:34,0
DA:37,8
DA:38,8
DA:39,8
LF:19
LH:18
BRDA:33,0,0,0
BRDA:33,0,1,8
BRF:2
BRH:1
end_of_record
TN:
SF:/home/shersnape/Ceiba/Java-Script/Tutorial/JavaScritp-Platzi/smallJS/smallJS-dbsql/lib/db.js
FN:6,setupDatabase
FNF:1
FNH:1
FNDA:8,setupDatabase
DA:3,1
DA:4,1
DA:6,1
DA:7,8
DA:8,1
DA:10,8
LF:6
LH:6
BRDA:7,0,0,1
BRDA:7,0,1,7
BRF:2
BRH:2
end_of_record
TN:
SF:/home/shersnape/Ceiba/Java-Script/Tutorial/JavaScritp-Platzi/smallJS/smallJS-dbsql/lib/user.js
FN:13,setupUser
FN:14,createOrUpdate
FN:41,findById
FN:46,findByCCid
FN:67,findGroup
FNF:5
FNH:1
FNDA:8,setupUser
FNDA:0,createOrUpdate
FNDA:0,findById
FNDA:0,findByCCid
FNDA:0,findGroup
DA:13,1
DA:15,0
DA:24,0
DA:27,0
DA:28,0
DA:29,0
DA:34,0
DA:35,0
DA:42,0
DA:47,0
DA:70,0
DA:72,0
DA:73,0
DA:78,0
DA:80,0
DA:81,0
DA:86,0
DA:88,0
DA:89,0
DA:94,0
DA:96,0
DA:97,0
DA:98,0
DA:100,0
DA:103,8
LF:25
LH:2
BRDA:27,0,0,0
BRDA:27,0,1,0
BRDA:29,1,0,0
BRDA:29,1,1,0
BRDA:70,2,0,0
BRDA:70,2,1,0
BRDA:70,2,2,0
BRDA:70,2,3,0
BRF:8
BRH:0
end_of_record
TN:
SF:/home/shersnape/Ceiba/Java-Script/Tutorial/JavaScritp-Platzi/smallJS/smallJS-dbsql/models/appointment.js
FN:6,setupAppointmentModel
FNF:1
FNH:0
FNDA:0,setupAppointmentModel
DA:3,1
DA:4,1
DA:6,1
DA:7,0
DA:9,0
LF:5
LH:3
BRF:0
BRH:0
end_of_record
TN:
SF:/home/shersnape/Ceiba/Java-Script/Tutorial/JavaScritp-Platzi/smallJS/smallJS-dbsql/models/user.js
FN:6,setupUserModel
FNF:1
FNH:0
FNDA:0,setupUserModel
DA:3,1
DA:4,1
DA:6,1
DA:7,0
DA:9,0
LF:5
LH:3
BRF:0
BRH:0
end_of_record
TN:
SF:/home/shersnape/Ceiba/Java-Script/Tutorial/JavaScritp-Platzi/smallJS/smallJS-dbsql/tests/appointment-tests.js
FN:94,(anonymous_4)
FN:139,(anonymous_5)
FN:140,(anonymous_6)
FN:146,(anonymous_7)
FN:150,(anonymous_8)
FN:154,(anonymous_9)
FN:158,(anonymous_10)
FN:165,(anonymous_11)
FN:192,(anonymous_12)
FN:218,(anonymous_13)
FN:230,(anonymous_14)
FN:254,(anonymous_15)
FNF:12
FNH:12
FNDA:8,(anonymous_4)
FNDA:8,(anonymous_5)
FNDA:8,(anonymous_6)
FNDA:8,(anonymous_7)
FNDA:1,(anonymous_8)
FNDA:1,(anonymous_9)
FNDA:1,(anonymous_10)
FNDA:1,(anonymous_11)
FNDA:1,(anonymous_12)
FNDA:1,(anonymous_13)
FNDA:1,(anonymous_14)
FNDA:1,(anonymous_15)
DA:3,1
DA:4,1
DA:5,1
DA:6,1
DA:7,1
DA:9,1
DA:11,1
DA:15,1
DA:16,1
DA:17,1
DA:18,1
DA:20,1
DA:21,1
DA:22,1
DA:23,1
DA:24,1
DA:26,1
DA:27,1
DA:28,1
DA:30,1
DA:32,1
DA:41,1
DA:45,1
DA:52,1
DA:59,1
DA:76,1
DA:77,1
DA:82,1
DA:94,1
DA:95,8
DA:97,8
DA:101,8
DA:106,8
DA:107,8
DA:108,1
DA:111,8
DA:112,8
DA:113,8
DA:115,8
DA:116,8
DA:117,8
DA:120,8
DA:121,8
DA:125,8
DA:126,8
DA:127,8
DA:128,8
DA:131,8
DA:132,8
DA:138,8
DA:139,8
DA:140,8
DA:143,8
DA:146,1
DA:147,8
DA:150,1
DA:151,1
DA:154,1
DA:155,1
DA:158,4
DA:159,1
DA:160,1
DA:161,1
DA:162,1
DA:165,9
DA:166,1
DA:169,1
DA:170,1
DA:171,1
DA:174,1
DA:175,1
DA:176,1
DA:186,1
DA:187,1
DA:188,1
DA:189,1
DA:192,12
DA:193,1
DA:196,1
DA:197,1
DA:198,1
DA:201,1
DA:202,1
DA:203,1
DA:206,1
DA:207,1
DA:208,1
DA:211,1
DA:212,1
DA:213,1
DA:215,1
DA:218,3
DA:219,1
DA:222,1
DA:223,1
DA:224,1
DA:226,1
DA:227,1
DA:230,9
DA:231,1
DA:234,1
DA:235,1
DA:236,1
DA:239,1
DA:240,1
DA:241,1
DA:247,1
DA:248,1
DA:249,1
DA:251,1
DA:254,8
DA:255,1
DA:258,1
DA:259,1
DA:262,1
DA:263,1
DA:264,1
DA:270,1
DA:271,1
DA:272,1
DA:274,1
LF:121
LH:121
BRDA:147,0,0,8
BRDA:147,0,1,8
BRF:2
BRH:2
end_of_record
TN:
SF:/home/shersnape/Ceiba/Java-Script/Tutorial/JavaScritp-Platzi/smallJS/smallJS-dbsql/tests/fixtures/appointment.js
FN:123,extend
FN:134,(anonymous_1)
FN:134,(anonymous_2)
FN:135,(anonymous_3)
FN:135,(anonymous_4)
FN:136,(anonymous_5)
FN:136,(anonymous_6)
FN:137,(anonymous_7)
FN:137,(anonymous_8)
FN:138,(anonymous_9)
FN:138,(anonymous_10)
FN:139,(anonymous_11)
FN:139,(anonymous_12)
FNF:13
FNH:13
FNDA:3,extend
FNDA:16,(anonymous_1)
FNDA:80,(anonymous_2)
FNDA:8,(anonymous_3)
FNDA:24,(anonymous_4)
FNDA:8,(anonymous_5)
FNDA:24,(anonymous_6)
FNDA:8,(anonymous_7)
FNDA:24,(anonymous_8)
FNDA:8,(anonymous_9)
FNDA:40,(anonymous_10)
FNDA:10,(anonymous_11)
FNDA:50,(anonymous_12)
DA:4,1
DA:19,1
DA:34,1
DA:50,1
DA:53,1
DA:70,1
DA:87,1
DA:100,1
DA:124,3
DA:125,3
DA:128,1
DA:134,80
DA:135,24
DA:136,24
DA:137,24
DA:138,40
DA:139,50
LF:17
LH:17
BRDA:136,0,0,24
BRDA:136,0,1,8
BRDA:137,1,0,24
BRDA:137,1,1,8
BRDA:137,1,2,0
BRDA:138,2,0,40
BRDA:138,2,1,8
BRDA:139,3,0,50
BRDA:139,3,1,50
BRDA:139,3,2,40
BRF:10
BRH:9
end_of_record
